[06:23:03.846] [INFO] Checking the health of your Storybook..
[06:23:03.847] [DEBUG] Getting Storybook info...
[06:23:03.848] [DEBUG] Loading main config...
[06:23:03.920] [DEBUG] Getting stories paths...
[06:23:03.940] [DEBUG] Getting package manager...
[06:23:04.303] [DEBUG] Getting Storybook version...
[06:23:04.866] [WARN] .storybook: 1 issue found
[06:23:04.866] [INFO] You are currently using Storybook 9.1.4 but you have packages which are incompatible with it:

- @storybook/test@8.6.14 which depends on 8.6.14
 Repo: https://github.com/storybookjs/storybook/tree/next/code/lib/test
- @storybook/addon-essentials@8.6.14 which depends on 8.6.14
 Repo: https://github.com/storybookjs/storybook/tree/next/code/addons/essentials
- @storybook/addon-interactions@8.6.14 which depends on 8.6.14
 Repo: https://github.com/storybookjs/storybook/tree/next/code/addons/interactions
- @storybook/blocks@8.6.14 which depends on ^8.6.14
 Repo: https://github.com/storybookjs/storybook/tree/next/code/lib/blocks
- storybook-dark-mode@4.0.2 which depends on ^8.0.0

Please consider updating your packages or contacting the maintainers for compatibility details.

For more on Storybook 9 compatibility, see the linked GitHub issue:
https://github.com/storybookjs/storybook/issues/30944
[06:23:04.873] [INFO] Storybook doctor is complete!
[06:23:04.873] [INFO] You can always recheck the health of your project(s) by running:
npx storybook doctor